build/app/intermediates/manifest_merge_blame_file/debug/manifest-merger-blame-debug-report.txt
1<?xml version="1.0" encoding="utf-8"?>
2<manifest xmlns:android="http://schemas.android.com/apk/res/android"
3    package="com.dfa.flutterchatdemo"
4    android:versionCode="1"
5    android:versionName="1.0" >
6
7    <uses-sdk
8        android:minSdkVersion="21"
8-->src/main/AndroidManifest.xml
9        android:targetSdkVersion="28" />
9-->src/main/AndroidManifest.xml
10
11    <uses-permission android:name="android.permission.INTERNET" />
11-->src/main/AndroidManifest.xml:4:5-67
11-->src/main/AndroidManifest.xml:4:22-64
12    <uses-permission android:name="android.permission.VIBRATE" />
12-->src/main/AndroidManifest.xml:5:5-66
12-->src/main/AndroidManifest.xml:5:22-63
13    <uses-permission android:name="android.permission.WAKE_LOCK" />
13-->[:firebase_messaging] AndroidManifest.xml:8:5-68
13-->[:firebase_messaging] AndroidManifest.xml:8:22-65
14    <uses-permission android:name="android.permission.ACCESS_NETWORK_STATE" />
14-->[:firebase_messaging] AndroidManifest.xml:9:5-79
14-->[:firebase_messaging] AndroidManifest.xml:9:22-76
15    <uses-permission android:name="android.permission.READ_EXTERNAL_STORAGE" />
15-->[:image_picker] AndroidManifest.xml:7:5-80
15-->[:image_picker] AndroidManifest.xml:7:22-77
16    <uses-permission android:name="android.permission.WRITE_EXTERNAL_STORAGE" />
16-->[:image_picker] AndroidManifest.xml:8:5-81
16-->[:image_picker] AndroidManifest.xml:8:22-78
17    <uses-permission android:name="android.permission.RECEIVE_BOOT_COMPLETED" />
17-->[:flutter_local_notifications] AndroidManifest.xml:7:5-81
17-->[:flutter_local_notifications] AndroidManifest.xml:7:22-78
18    <uses-permission android:name="android.permission.USE_FULL_SCREEN_INTENT" /> <!-- Required by older versions of Google Play services to create IID tokens -->
18-->[:flutter_local_notifications] AndroidManifest.xml:9:5-81
18-->[:flutter_local_notifications] AndroidManifest.xml:9:22-78
19    <uses-permission android:name="com.google.android.c2dm.permission.RECEIVE" />
19-->[com.google.firebase:firebase-iid:21.0.1] AndroidManifest.xml:26:5-82
19-->[com.google.firebase:firebase-iid:21.0.1] AndroidManifest.xml:26:22-79
20
21    <application
21-->src/main/AndroidManifest.xml:7:5-50:19
22        android:appComponentFactory="androidx.core.app.CoreComponentFactory"
22-->[androidx.core:core:1.3.0] AndroidManifest.xml:24:18-86
23        android:debuggable="true"
24        android:icon="@mipmap/ic_launcher"
24-->src/main/AndroidManifest.xml:8:9-43
25        android:label="flutter_chat_demo" >
25-->src/main/AndroidManifest.xml:9:9-42
26        <meta-data
26-->src/main/AndroidManifest.xml:10:9-12:54
27            android:name="com.google.firebase.messaging.default_notification_icon"
27-->src/main/AndroidManifest.xml:11:13-83
28            android:resource="@mipmap/ic_launcher" />
28-->src/main/AndroidManifest.xml:12:13-51
29
30        <activity
30-->src/main/AndroidManifest.xml:13:9-44:20
31            android:name="com.dfa.flutterchatdemo.MainActivity"
31-->src/main/AndroidManifest.xml:14:13-41
32            android:configChanges="orientation|keyboardHidden|keyboard|screenSize|smallestScreenSize|locale|layoutDirection|fontScale|screenLayout|density|uiMode"
32-->src/main/AndroidManifest.xml:15:13-163
33            android:hardwareAccelerated="true"
33-->src/main/AndroidManifest.xml:16:13-47
34            android:launchMode="singleTop"
34-->src/main/AndroidManifest.xml:17:13-43
35            android:theme="@style/LaunchTheme"
35-->src/main/AndroidManifest.xml:18:13-47
36            android:windowSoftInputMode="adjustResize" >
36-->src/main/AndroidManifest.xml:19:13-55
37
38            <!--
39                 Specifies an Android theme to apply to this Activity as soon as
40                   the Android process has started. This theme is visible to the user
41                   while the Flutter UI initializes. After that, this theme continues
42                   to determine the Window background behind the Flutter UI.
43            -->
44            <meta-data
44-->src/main/AndroidManifest.xml:24:13-26:57
45                android:name="io.flutter.embedding.android.NormalTheme"
45-->src/main/AndroidManifest.xml:25:17-72
46                android:resource="@style/NormalTheme" />
46-->src/main/AndroidManifest.xml:26:17-54
47            <!--
48                 Displays an Android View that continues showing the launch screen
49                 Drawable until Flutter paints its first frame, then this splash
50                 screen fades out. A splash screen is useful to avoid any visual
51                 gap between the end of Android's launch screen and the painting of
52                 Flutter's first frame.
53            -->
54            <meta-data
54-->src/main/AndroidManifest.xml:32:13-34:66
55                android:name="io.flutter.embedding.android.SplashScreenDrawable"
55-->src/main/AndroidManifest.xml:33:17-81
56                android:resource="@drawable/launch_background" />
56-->src/main/AndroidManifest.xml:34:17-63
57
58            <intent-filter>
58-->src/main/AndroidManifest.xml:36:13-39:29
59                <action android:name="android.intent.action.MAIN" />
59-->src/main/AndroidManifest.xml:37:17-69
59-->src/main/AndroidManifest.xml:37:25-66
60
61                <category android:name="android.intent.category.LAUNCHER" />
61-->src/main/AndroidManifest.xml:38:17-77
61-->src/main/AndroidManifest.xml:38:27-74
62            </intent-filter>
63            <intent-filter>
63-->src/main/AndroidManifest.xml:40:13-43:29
64                <action android:name="FLUTTER_NOTIFICATION_CLICK" />
64-->src/main/AndroidManifest.xml:41:17-69
64-->src/main/AndroidManifest.xml:41:25-66
65
66                <category android:name="android.intent.category.DEFAULT" />
66-->src/main/AndroidManifest.xml:42:17-76
66-->src/main/AndroidManifest.xml:42:27-73
67            </intent-filter>
68        </activity>
69        <!--
70             Don't delete the meta-data below.
71                This is used by the Flutter tool to generate GeneratedPluginRegistrant.java
72        -->
73        <meta-data
73-->src/main/AndroidManifest.xml:47:9-49:33
74            android:name="flutterEmbedding"
74-->src/main/AndroidManifest.xml:48:13-44
75            android:value="2" />
75-->src/main/AndroidManifest.xml:49:13-30
76
77        <service
77-->[:firebase_auth] AndroidManifest.xml:8:9-12:19
78            android:name="com.google.firebase.components.ComponentDiscoveryService"
78-->[:firebase_auth] AndroidManifest.xml:8:18-89
79            android:directBootAware="true"
79-->[com.google.firebase:firebase-common:19.5.0] AndroidManifest.xml:35:13-43
80            android:exported="false" >
80-->[com.google.firebase:firebase-messaging:21.0.1] AndroidManifest.xml:38:13-37
81            <meta-data
81-->[:firebase_auth] AndroidManifest.xml:9:13-11:85
82                android:name="com.google.firebase.components:io.flutter.plugins.firebase.auth.FlutterFirebaseAuthRegistrar"
82-->[:firebase_auth] AndroidManifest.xml:10:17-124
83                android:value="com.google.firebase.components.ComponentRegistrar" />
83-->[:firebase_auth] AndroidManifest.xml:11:17-82
84            <meta-data
84-->[:firebase_storage] AndroidManifest.xml:9:13-11:85
85                android:name="com.google.firebase.components:io.flutter.plugins.firebase.storage.FlutterFirebaseAppRegistrar"
85-->[:firebase_storage] AndroidManifest.xml:10:17-126
86                android:value="com.google.firebase.components.ComponentRegistrar" />
86-->[:firebase_storage] AndroidManifest.xml:11:17-82
87            <meta-data
87-->[:cloud_firestore] AndroidManifest.xml:9:13-11:85
88                android:name="com.google.firebase.components:io.flutter.plugins.firebase.firestore.FlutterFirebaseFirestoreRegistrar"
88-->[:cloud_firestore] AndroidManifest.xml:10:17-134
89                android:value="com.google.firebase.components.ComponentRegistrar" />
89-->[:cloud_firestore] AndroidManifest.xml:11:17-82
90            <meta-data
90-->[:firebase_messaging] AndroidManifest.xml:34:13-36:85
91                android:name="com.google.firebase.components:io.flutter.plugins.firebase.messaging.FlutterFirebaseAppRegistrar"
91-->[:firebase_messaging] AndroidManifest.xml:35:17-128
92                android:value="com.google.firebase.components.ComponentRegistrar" />
92-->[:firebase_messaging] AndroidManifest.xml:36:17-82
93            <meta-data
93-->[:firebase_core] AndroidManifest.xml:9:13-11:85
94                android:name="com.google.firebase.components:io.flutter.plugins.firebase.core.FlutterFirebaseCoreRegistrar"
94-->[:firebase_core] AndroidManifest.xml:10:17-124
95                android:value="com.google.firebase.components.ComponentRegistrar" />
95-->[:firebase_core] AndroidManifest.xml:11:17-82
96            <meta-data
96-->[com.google.firebase:firebase-messaging:21.0.1] AndroidManifest.xml:39:13-41:85
97                android:name="com.google.firebase.components:com.google.firebase.messaging.FirebaseMessagingRegistrar"
97-->[com.google.firebase:firebase-messaging:21.0.1] AndroidManifest.xml:40:17-119
98                android:value="com.google.firebase.components.ComponentRegistrar" />
98-->[com.google.firebase:firebase-messaging:21.0.1] AndroidManifest.xml:41:17-82
99            <meta-data
99-->[com.google.firebase:firebase-auth:20.0.1] AndroidManifest.xml:77:13-79:85
100                android:name="com.google.firebase.components:com.google.firebase.auth.FirebaseAuthRegistrar"
100-->[com.google.firebase:firebase-auth:20.0.1] AndroidManifest.xml:78:17-109
101                android:value="com.google.firebase.components.ComponentRegistrar" />
101-->[com.google.firebase:firebase-auth:20.0.1] AndroidManifest.xml:79:17-82
102            <meta-data
102-->[com.google.firebase:firebase-firestore:22.0.1] AndroidManifest.xml:20:13-22:85
103                android:name="com.google.firebase.components:com.google.firebase.firestore.FirestoreRegistrar"
103-->[com.google.firebase:firebase-firestore:22.0.1] AndroidManifest.xml:21:17-111
104                android:value="com.google.firebase.components.ComponentRegistrar" />
104-->[com.google.firebase:firebase-firestore:22.0.1] AndroidManifest.xml:22:17-82
105            <meta-data
105-->[com.google.firebase:firebase-storage:19.2.1] AndroidManifest.xml:33:13-35:85
106                android:name="com.google.firebase.components:com.google.firebase.storage.StorageRegistrar"
106-->[com.google.firebase:firebase-storage:19.2.1] AndroidManifest.xml:34:17-107
107                android:value="com.google.firebase.components.ComponentRegistrar" />
107-->[com.google.firebase:firebase-storage:19.2.1] AndroidManifest.xml:35:17-82
108            <meta-data
108-->[com.google.firebase:firebase-datatransport:17.0.10] AndroidManifest.xml:28:13-30:85
109                android:name="com.google.firebase.components:com.google.firebase.datatransport.TransportRegistrar"
109-->[com.google.firebase:firebase-datatransport:17.0.10] AndroidManifest.xml:29:17-115
110                android:value="com.google.firebase.components.ComponentRegistrar" />
110-->[com.google.firebase:firebase-datatransport:17.0.10] AndroidManifest.xml:30:17-82
111            <meta-data
111-->[com.google.firebase:firebase-iid:21.0.1] AndroidManifest.xml:32:13-34:85
112                android:name="com.google.firebase.components:com.google.firebase.iid.Registrar"
112-->[com.google.firebase:firebase-iid:21.0.1] AndroidManifest.xml:33:17-96
113                android:value="com.google.firebase.components.ComponentRegistrar" />
113-->[com.google.firebase:firebase-iid:21.0.1] AndroidManifest.xml:34:17-82
114            <meta-data
114-->[com.google.firebase:firebase-installations:16.3.5] AndroidManifest.xml:18:13-20:85
115                android:name="com.google.firebase.components:com.google.firebase.installations.FirebaseInstallationsRegistrar"
115-->[com.google.firebase:firebase-installations:16.3.5] AndroidManifest.xml:19:17-127
116                android:value="com.google.firebase.components.ComponentRegistrar" />
116-->[com.google.firebase:firebase-installations:16.3.5] AndroidManifest.xml:20:17-82
117            <!--
118                This registrar is not defined in the dynamic-module-support sdk itself to allow non-firebase
119                clients to use it as well, by defining this registrar in their own core/common library.
120            -->
121            <meta-data
121-->[com.google.firebase:firebase-common:19.5.0] AndroidManifest.xml:43:13-45:85
122                android:name="com.google.firebase.components:com.google.firebase.dynamicloading.DynamicLoadingRegistrar"
122-->[com.google.firebase:firebase-common:19.5.0] AndroidManifest.xml:44:17-121
123                android:value="com.google.firebase.components.ComponentRegistrar" />
123-->[com.google.firebase:firebase-common:19.5.0] AndroidManifest.xml:45:17-82
124        </service>
125        <service
125-->[:firebase_messaging] AndroidManifest.xml:12:9-15:72
126            android:name="io.flutter.plugins.firebase.messaging.FlutterFirebaseMessagingBackgroundService"
126-->[:firebase_messaging] AndroidManifest.xml:13:13-107
127            android:exported="false"
127-->[:firebase_messaging] AndroidManifest.xml:14:13-37
128            android:permission="android.permission.BIND_JOB_SERVICE" />
128-->[:firebase_messaging] AndroidManifest.xml:15:13-69
129        <service
129-->[:firebase_messaging] AndroidManifest.xml:16:9-22:19
130            android:name="io.flutter.plugins.firebase.messaging.FlutterFirebaseMessagingService"
130-->[:firebase_messaging] AndroidManifest.xml:17:13-97
131            android:exported="false" >
131-->[:firebase_messaging] AndroidManifest.xml:18:13-37
132            <intent-filter>
132-->[:firebase_messaging] AndroidManifest.xml:19:13-21:29
133                <action android:name="com.google.firebase.MESSAGING_EVENT" />
133-->[:firebase_messaging] AndroidManifest.xml:20:17-78
133-->[:firebase_messaging] AndroidManifest.xml:20:25-75
134            </intent-filter>
135        </service>
136
137        <receiver
137-->[:firebase_messaging] AndroidManifest.xml:24:9-31:20
138            android:name="io.flutter.plugins.firebase.messaging.FlutterFirebaseMessagingReceiver"
138-->[:firebase_messaging] AndroidManifest.xml:25:13-98
139            android:exported="true"
139-->[:firebase_messaging] AndroidManifest.xml:26:13-36
140            android:permission="com.google.android.c2dm.permission.SEND" >
140-->[:firebase_messaging] AndroidManifest.xml:27:13-73
141            <intent-filter>
141-->[:firebase_messaging] AndroidManifest.xml:28:13-30:29
142                <action android:name="com.google.android.c2dm.intent.RECEIVE" />
142-->[:firebase_messaging] AndroidManifest.xml:29:17-81
142-->[:firebase_messaging] AndroidManifest.xml:29:25-78
143            </intent-filter>
144        </receiver>
145
146        <provider
146-->[:firebase_messaging] AndroidManifest.xml:39:9-43:38
147            android:name="io.flutter.plugins.firebase.messaging.FlutterFirebaseMessagingInitProvider"
147-->[:firebase_messaging] AndroidManifest.xml:40:13-102
148            android:authorities="com.dfa.flutterchatdemo.flutterfirebasemessaginginitprovider"
148-->[:firebase_messaging] AndroidManifest.xml:41:13-88
149            android:exported="false"
149-->[:firebase_messaging] AndroidManifest.xml:42:13-37
150            android:initOrder="99" />
150-->[:firebase_messaging] AndroidManifest.xml:43:13-35
151        <provider
151-->[:image_picker] AndroidManifest.xml:11:9-19:20
152            android:name="io.flutter.plugins.imagepicker.ImagePickerFileProvider"
152-->[:image_picker] AndroidManifest.xml:12:13-82
153            android:authorities="com.dfa.flutterchatdemo.flutter.image_provider"
153-->[:image_picker] AndroidManifest.xml:13:13-74
154            android:exported="false"
154-->[:image_picker] AndroidManifest.xml:14:13-37
155            android:grantUriPermissions="true" >
155-->[:image_picker] AndroidManifest.xml:15:13-47
156            <meta-data
156-->[:image_picker] AndroidManifest.xml:16:13-18:75
157                android:name="android.support.FILE_PROVIDER_PATHS"
157-->[:image_picker] AndroidManifest.xml:17:17-67
158                android:resource="@xml/flutter_image_picker_file_paths" />
158-->[:image_picker] AndroidManifest.xml:18:17-72
159        </provider>
160
161        <receiver android:name="com.dexterous.flutterlocalnotifications.ScheduledNotificationReceiver" />
161-->[:flutter_local_notifications] AndroidManifest.xml:12:9-106
161-->[:flutter_local_notifications] AndroidManifest.xml:12:19-103
162        <receiver android:name="com.dexterous.flutterlocalnotifications.ScheduledNotificationBootReceiver" >
162-->[:flutter_local_notifications] AndroidManifest.xml:13:9-20:20
162-->[:flutter_local_notifications] AndroidManifest.xml:13:19-107
163            <intent-filter>
163-->[:flutter_local_notifications] AndroidManifest.xml:14:13-19:29
164                <action android:name="android.intent.action.BOOT_COMPLETED" />
164-->[:flutter_local_notifications] AndroidManifest.xml:15:17-79
164-->[:flutter_local_notifications] AndroidManifest.xml:15:25-76
165                <action android:name="android.intent.action.MY_PACKAGE_REPLACED" />
165-->[:flutter_local_notifications] AndroidManifest.xml:16:17-84
165-->[:flutter_local_notifications] AndroidManifest.xml:16:25-81
166                <action android:name="android.intent.action.QUICKBOOT_POWERON" />
166-->[:flutter_local_notifications] AndroidManifest.xml:17:17-82
166-->[:flutter_local_notifications] AndroidManifest.xml:17:25-79
167                <action android:name="com.htc.intent.action.QUICKBOOT_POWERON" />
167-->[:flutter_local_notifications] AndroidManifest.xml:18:17-82
167-->[:flutter_local_notifications] AndroidManifest.xml:18:25-79
168            </intent-filter>
169        </receiver>
170        <!--
171             FirebaseMessagingService performs security checks at runtime,
172             but set to not exported to explicitly avoid allowing another app to call it.
173        -->
174        <service
174-->[com.google.firebase:firebase-messaging:21.0.1] AndroidManifest.xml:28:9-35:19
175            android:name="com.google.firebase.messaging.FirebaseMessagingService"
175-->[com.google.firebase:firebase-messaging:21.0.1] AndroidManifest.xml:29:13-82
176            android:directBootAware="true"
176-->[com.google.firebase:firebase-messaging:21.0.1] AndroidManifest.xml:30:13-43
177            android:exported="false" >
177-->[com.google.firebase:firebase-messaging:21.0.1] AndroidManifest.xml:31:13-37
178            <intent-filter android:priority="-500" >
178-->[:firebase_messaging] AndroidManifest.xml:19:13-21:29
179                <action android:name="com.google.firebase.MESSAGING_EVENT" />
179-->[:firebase_messaging] AndroidManifest.xml:20:17-78
179-->[:firebase_messaging] AndroidManifest.xml:20:25-75
180            </intent-filter>
181        </service>
182
183        <activity
183-->[com.google.firebase:firebase-auth:20.0.1] AndroidManifest.xml:27:9-44:20
184            android:name="com.google.firebase.auth.internal.GenericIdpActivity"
184-->[com.google.firebase:firebase-auth:20.0.1] AndroidManifest.xml:28:13-80
185            android:excludeFromRecents="true"
185-->[com.google.firebase:firebase-auth:20.0.1] AndroidManifest.xml:29:13-46
186            android:exported="true"
186-->[com.google.firebase:firebase-auth:20.0.1] AndroidManifest.xml:30:13-36
187            android:launchMode="singleTask"
187-->[com.google.firebase:firebase-auth:20.0.1] AndroidManifest.xml:31:13-44
188            android:theme="@android:style/Theme.Translucent.NoTitleBar" >
188-->[com.google.firebase:firebase-auth:20.0.1] AndroidManifest.xml:32:13-72
189            <intent-filter>
189-->[com.google.firebase:firebase-auth:20.0.1] AndroidManifest.xml:33:13-43:29
190                <action android:name="android.intent.action.VIEW" />
190-->[com.google.firebase:firebase-auth:20.0.1] AndroidManifest.xml:34:17-69
190-->[com.google.firebase:firebase-auth:20.0.1] AndroidManifest.xml:34:25-66
191
192                <category android:name="android.intent.category.DEFAULT" />
192-->src/main/AndroidManifest.xml:42:17-76
192-->src/main/AndroidManifest.xml:42:27-73
193                <category android:name="android.intent.category.BROWSABLE" />
193-->[com.google.firebase:firebase-auth:20.0.1] AndroidManifest.xml:37:17-78
193-->[com.google.firebase:firebase-auth:20.0.1] AndroidManifest.xml:37:27-75
194
195                <data
195-->[com.google.firebase:firebase-auth:20.0.1] AndroidManifest.xml:39:17-42:51
196                    android:host="firebase.auth"
196-->[com.google.firebase:firebase-auth:20.0.1] AndroidManifest.xml:40:21-49
197                    android:path="/"
197-->[com.google.firebase:firebase-auth:20.0.1] AndroidManifest.xml:41:21-37
198                    android:scheme="genericidp" />
198-->[com.google.firebase:firebase-auth:20.0.1] AndroidManifest.xml:42:21-48
199            </intent-filter>
200        </activity>
201        <activity
201-->[com.google.firebase:firebase-auth:20.0.1] AndroidManifest.xml:45:9-62:20
202            android:name="com.google.firebase.auth.internal.RecaptchaActivity"
202-->[com.google.firebase:firebase-auth:20.0.1] AndroidManifest.xml:46:13-79
203            android:excludeFromRecents="true"
203-->[com.google.firebase:firebase-auth:20.0.1] AndroidManifest.xml:47:13-46
204            android:exported="true"
204-->[com.google.firebase:firebase-auth:20.0.1] AndroidManifest.xml:48:13-36
205            android:launchMode="singleTask"
205-->[com.google.firebase:firebase-auth:20.0.1] AndroidManifest.xml:49:13-44
206            android:theme="@android:style/Theme.Translucent.NoTitleBar" >
206-->[com.google.firebase:firebase-auth:20.0.1] AndroidManifest.xml:50:13-72
207            <intent-filter>
207-->[com.google.firebase:firebase-auth:20.0.1] AndroidManifest.xml:51:13-61:29
208                <action android:name="android.intent.action.VIEW" />
208-->[com.google.firebase:firebase-auth:20.0.1] AndroidManifest.xml:34:17-69
208-->[com.google.firebase:firebase-auth:20.0.1] AndroidManifest.xml:34:25-66
209
210                <category android:name="android.intent.category.DEFAULT" />
210-->src/main/AndroidManifest.xml:42:17-76
210-->src/main/AndroidManifest.xml:42:27-73
211                <category android:name="android.intent.category.BROWSABLE" />
211-->[com.google.firebase:firebase-auth:20.0.1] AndroidManifest.xml:37:17-78
211-->[com.google.firebase:firebase-auth:20.0.1] AndroidManifest.xml:37:27-75
212
213                <data
213-->[com.google.firebase:firebase-auth:20.0.1] AndroidManifest.xml:39:17-42:51
214                    android:host="firebase.auth"
214-->[com.google.firebase:firebase-auth:20.0.1] AndroidManifest.xml:40:21-49
215                    android:path="/"
215-->[com.google.firebase:firebase-auth:20.0.1] AndroidManifest.xml:41:21-37
216                    android:scheme="recaptcha" />
216-->[com.google.firebase:firebase-auth:20.0.1] AndroidManifest.xml:42:21-48
217            </intent-filter>
218        </activity>
219
220        <service
220-->[com.google.firebase:firebase-auth:20.0.1] AndroidManifest.xml:64:9-73:19
221            android:name="com.google.firebase.auth.api.fallback.service.FirebaseAuthFallbackService"
221-->[com.google.firebase:firebase-auth:20.0.1] AndroidManifest.xml:65:13-101
222            android:enabled="true"
222-->[com.google.firebase:firebase-auth:20.0.1] AndroidManifest.xml:66:13-35
223            android:exported="false" >
223-->[com.google.firebase:firebase-auth:20.0.1] AndroidManifest.xml:67:13-37
224            <intent-filter>
224-->[com.google.firebase:firebase-auth:20.0.1] AndroidManifest.xml:68:13-72:29
225                <action android:name="com.google.firebase.auth.api.gms.service.START" />
225-->[com.google.firebase:firebase-auth:20.0.1] AndroidManifest.xml:69:17-89
225-->[com.google.firebase:firebase-auth:20.0.1] AndroidManifest.xml:69:25-86
226
227                <category android:name="android.intent.category.DEFAULT" />
227-->src/main/AndroidManifest.xml:42:17-76
227-->src/main/AndroidManifest.xml:42:27-73
228            </intent-filter>
229        </service>
230
231        <receiver
231-->[com.google.firebase:firebase-iid:21.0.1] AndroidManifest.xml:37:9-44:20
232            android:name="com.google.firebase.iid.FirebaseInstanceIdReceiver"
232-->[com.google.firebase:firebase-iid:21.0.1] AndroidManifest.xml:38:13-78
233            android:exported="true"
233-->[com.google.firebase:firebase-iid:21.0.1] AndroidManifest.xml:39:13-36
234            android:permission="com.google.android.c2dm.permission.SEND" >
234-->[com.google.firebase:firebase-iid:21.0.1] AndroidManifest.xml:40:13-73
235            <intent-filter>
235-->[:firebase_messaging] AndroidManifest.xml:28:13-30:29
236                <action android:name="com.google.android.c2dm.intent.RECEIVE" />
236-->[:firebase_messaging] AndroidManifest.xml:29:17-81
236-->[:firebase_messaging] AndroidManifest.xml:29:25-78
237            </intent-filter>
238        </receiver>
239
240        <provider
240-->[com.google.firebase:firebase-common:19.5.0] AndroidManifest.xml:26:9-31:39
241            android:name="com.google.firebase.provider.FirebaseInitProvider"
241-->[com.google.firebase:firebase-common:19.5.0] AndroidManifest.xml:27:13-77
242            android:authorities="com.dfa.flutterchatdemo.firebaseinitprovider"
242-->[com.google.firebase:firebase-common:19.5.0] AndroidManifest.xml:28:13-72
243            android:directBootAware="true"
243-->[com.google.firebase:firebase-common:19.5.0] AndroidManifest.xml:29:13-43
244            android:exported="false"
244-->[com.google.firebase:firebase-common:19.5.0] AndroidManifest.xml:30:13-37
245            android:initOrder="100" />
245-->[com.google.firebase:firebase-common:19.5.0] AndroidManifest.xml:31:13-36
246
247        <activity
247-->[com.google.android.gms:play-services-auth:16.0.1] AndroidManifest.xml:23:9-27:75
248            android:name="com.google.android.gms.auth.api.signin.internal.SignInHubActivity"
248-->[com.google.android.gms:play-services-auth:16.0.1] AndroidManifest.xml:24:13-93
249            android:excludeFromRecents="true"
249-->[com.google.android.gms:play-services-auth:16.0.1] AndroidManifest.xml:25:13-46
250            android:exported="false"
250-->[com.google.android.gms:play-services-auth:16.0.1] AndroidManifest.xml:26:13-37
251            android:theme="@android:style/Theme.Translucent.NoTitleBar" />
251-->[com.google.android.gms:play-services-auth:16.0.1] AndroidManifest.xml:27:13-72
252        <!--
253            Service handling Google Sign-In user revocation. For apps that do not integrate with
254            Google Sign-In, this service will never be started.
255        -->
256        <service
256-->[com.google.android.gms:play-services-auth:16.0.1] AndroidManifest.xml:33:9-36:110
257            android:name="com.google.android.gms.auth.api.signin.RevocationBoundService"
257-->[com.google.android.gms:play-services-auth:16.0.1] AndroidManifest.xml:34:13-89
258            android:exported="true"
258-->[com.google.android.gms:play-services-auth:16.0.1] AndroidManifest.xml:35:13-36
259            android:permission="com.google.android.gms.auth.api.signin.permission.REVOCATION_NOTIFICATION" />
259-->[com.google.android.gms:play-services-auth:16.0.1] AndroidManifest.xml:36:13-107
260
261        <activity
261-->[com.google.android.gms:play-services-base:17.1.0] AndroidManifest.xml:23:9-26:75
262            android:name="com.google.android.gms.common.api.GoogleApiActivity"
262-->[com.google.android.gms:play-services-base:17.1.0] AndroidManifest.xml:24:13-79
263            android:exported="false"
263-->[com.google.android.gms:play-services-base:17.1.0] AndroidManifest.xml:25:13-37
264            android:theme="@android:style/Theme.Translucent.NoTitleBar" />
264-->[com.google.android.gms:play-services-base:17.1.0] AndroidManifest.xml:26:13-72
265
266        <meta-data
266-->[com.google.android.gms:play-services-basement:17.1.0] AndroidManifest.xml:23:9-25:69
267            android:name="com.google.android.gms.version"
267-->[com.google.android.gms:play-services-basement:17.1.0] AndroidManifest.xml:24:13-58
268            android:value="@integer/google_play_services_version" />
268-->[com.google.android.gms:play-services-basement:17.1.0] AndroidManifest.xml:25:13-66
269
270        <service
270-->[com.google.android.datatransport:transport-backend-cct:2.3.3] AndroidManifest.xml:29:9-35:19
271            android:name="com.google.android.datatransport.runtime.backends.TransportBackendDiscovery"
271-->[com.google.android.datatransport:transport-backend-cct:2.3.3] AndroidManifest.xml:30:13-103
272            android:exported="false" >
272-->[com.google.android.datatransport:transport-backend-cct:2.3.3] AndroidManifest.xml:31:13-37
273            <meta-data
273-->[com.google.android.datatransport:transport-backend-cct:2.3.3] AndroidManifest.xml:32:13-34:39
274                android:name="backend:com.google.android.datatransport.cct.CctBackendFactory"
274-->[com.google.android.datatransport:transport-backend-cct:2.3.3] AndroidManifest.xml:33:17-94
275                android:value="cct" />
275-->[com.google.android.datatransport:transport-backend-cct:2.3.3] AndroidManifest.xml:34:17-36
276        </service>
277        <service
277-->[com.google.android.datatransport:transport-runtime:2.2.5] AndroidManifest.xml:26:9-30:19
278            android:name="com.google.android.datatransport.runtime.scheduling.jobscheduling.JobInfoSchedulerService"
278-->[com.google.android.datatransport:transport-runtime:2.2.5] AndroidManifest.xml:27:13-117
279            android:exported="false"
279-->[com.google.android.datatransport:transport-runtime:2.2.5] AndroidManifest.xml:28:13-37
280            android:permission="android.permission.BIND_JOB_SERVICE" >